<?xml version="1.0" encoding="UTF-8"?>
<testng-results skipped="0" failed="0" ignored="0" total="2" passed="2">
  <reporter-output>
  </reporter-output>
  <suite name="Suite" duration-ms="13308" started-at="2022-03-10T00:36:29 IST" finished-at="2022-03-10T00:36:42 IST">
    <groups>
    </groups>
    <test name="Test1" duration-ms="13308" started-at="2022-03-10T00:36:29 IST" finished-at="2022-03-10T00:36:42 IST">
      <class name="TestCases.FirstTestCase">
        <test-method status="PASS" signature="init()[pri:0, instance:TestCases.FirstTestCase@44c8afef]" name="init" is-config="true" duration-ms="12080" started-at="2022-03-10T00:36:29 IST" finished-at="2022-03-10T00:36:41 IST">
          <reporter-output>
          </reporter-output>
        </test-method> <!-- init -->
        <test-method status="PASS" signature="validateImage()[pri:0, instance:TestCases.FirstTestCase@44c8afef]" name="validateImage" duration-ms="144" started-at="2022-03-10T00:36:41 IST" finished-at="2022-03-10T00:36:41 IST">
          <reporter-output>
          </reporter-output>
        </test-method> <!-- validateImage -->
        <test-method status="PASS" signature="validatetitle()[pri:0, instance:TestCases.FirstTestCase@44c8afef]" name="validatetitle" duration-ms="8" started-at="2022-03-10T00:36:41 IST" finished-at="2022-03-10T00:36:41 IST">
          <reporter-output>
          </reporter-output>
        </test-method> <!-- validatetitle -->
        <test-method status="PASS" signature="tearDown()[pri:0, instance:TestCases.FirstTestCase@44c8afef]" name="tearDown" is-config="true" duration-ms="1038" started-at="2022-03-10T00:36:41 IST" finished-at="2022-03-10T00:36:42 IST">
          <reporter-output>
          </reporter-output>
        </test-method> <!-- tearDown -->
      </class> <!-- TestCases.FirstTestCase -->
    </test> <!-- Test1 -->
  </suite> <!-- Suite -->
</testng-results>
